Build started 7/25/2012 10:36:35 PM.
     1>Project "C:\dev\speakerio\Build\Build.proj" on node 1 (default targets).
     1>Project "C:\dev\speakerio\Build\Build.proj" (1) is building "C:\dev\speakerio\SpeakerIO.sln" (2) on node 1 (Build target(s)).
     2>ValidateSolutionConfiguration:
         Building solution configuration "release|Any CPU".
     2>Project "C:\dev\speakerio\SpeakerIO.sln" (2) is building "C:\dev\speakerio\SpeakerIO.Web\SpeakerIO.Web.csproj" (3) on node 1 (default targets).
     3>RestorePackages:
         "C:\dev\speakerio\.nuget\nuget.exe" install "C:\dev\speakerio\SpeakerIO.Web\packages.config" -source "" -o "C:\dev\speakerio\packages"
     2>Project "C:\dev\speakerio\SpeakerIO.sln" (2) is building "C:\dev\speakerio\SpeakerIO.UnitTests\SpeakerIO.UnitTests.csproj" (4) on node 2 (default targets).
     4>RestorePackages:
         "C:\dev\speakerio\.nuget\nuget.exe" install "C:\dev\speakerio\SpeakerIO.UnitTests\packages.config" -source "" -o "C:\dev\speakerio\packages"
     3>RestorePackages:
         All packages listed in packages.config are already installed.
       GenerateTargetFrameworkMonikerAttribute:
       Skipping target "GenerateTargetFrameworkMonikerAttribute" because all output files are up-to-date with respect to the input files.
       CoreCompile:
       Skipping target "CoreCompile" because all output files are up-to-date with respect to the input files.
       CopyFilesToOutputDirectory:
         SpeakerIO.Web -> C:\dev\speakerio\SpeakerIO.Web\bin\SpeakerIO.Web.dll
     3>Done Building Project "C:\dev\speakerio\SpeakerIO.Web\SpeakerIO.Web.csproj" (default targets).
     4>RestorePackages:
         All packages listed in packages.config are already installed.
       GenerateTargetFrameworkMonikerAttribute:
       Skipping target "GenerateTargetFrameworkMonikerAttribute" because all output files are up-to-date with respect to the input files.
       CoreCompile:
       Skipping target "CoreCompile" because all output files are up-to-date with respect to the input files.
       CopyFilesToOutputDirectory:
         SpeakerIO.UnitTests -> C:\dev\speakerio\SpeakerIO.UnitTests\bin\Release\SpeakerIO.UnitTests.dll
     4>Done Building Project "C:\dev\speakerio\SpeakerIO.UnitTests\SpeakerIO.UnitTests.csproj" (default targets).
     2>Done Building Project "C:\dev\speakerio\SpeakerIO.sln" (Build target(s)).
     1>RunTests:
         C:\dev\speakerio\Build\..\packages\NUnit.2.5.10.11092\Tools\nunit-console.exe /nologo C:\dev\speakerio\SpeakerIO.UnitTests\bin\release\SpeakerIO.UnitTests.dll 
         ProcessModel: Default    DomainUsage: Single
         Execution Runtime: Default
         ......
         Tests run: 6, Errors: 0, Failures: 0, Inconclusive: 0, Time: 0.454026 seconds
           Not run: 0, Invalid: 0, Ignored: 0, Skipped: 0
         
     1>Done Building Project "C:\dev\speakerio\Build\Build.proj" (default targets).

Build succeeded.
    0 Warning(s)
    0 Error(s)

Time Elapsed 00:00:02.70
